2020-02-06T14:55:33.675714+01:00
Create Relation ADR_CONTROL
Create Relation ADR_INVALIDATION
Create Relation INC_METER_IMPT_DEF
Create Relation INC_METER_PK_IMPTS
SSL client: Server DN in certificate does not match with the DN specified in the SECURITY parameter
2020-02-06T14:56:10.533269+01:00
SSL client: Server DN in certificate does not match with the DN specified in the SECURITY parameter
2020-02-06T14:57:50.694409+01:00
SSL client: Server DN in certificate does not match with the DN specified in the SECURITY parameter
2020-02-06T15:00:48.504090+01:00
SSL client: Server DN in certificate does not match with the DN specified in the SECURITY parameter
2020-02-06T15:03:17.885616+01:00
SSL client: Server DN in certificate does not match with the DN specified in the SECURITY parameter
2020-02-06T15:10:28.937213+01:00
SSL client: Server DN in certificate does not match with the DN specified in the SECURITY parameter
2020-02-06T15:11:58.043727+01:00
SSL client: Server DN in certificate does not match with the DN specified in the SECURITY parameter
2020-02-06T15:12:34.922855+01:00
SSL client: Server DN in certificate does not match with the DN specified in the SECURITY parameter
